2025-05-13 23:38:14,456 - INFO - 使用现有数据文件
2025-05-13 23:38:14,622 - INFO - 视频数据已加载到缓存
2025-05-13 23:38:15,059 - INFO - 操作数据已加载到缓存
2025-05-13 23:38:15,061 - INFO - 用户数据已加载到缓存
2025-05-13 23:38:15,061 - INFO - 所有数据预加载完成
2025-05-13 23:41:34,241 - INFO - 使用现有数据文件
2025-05-13 23:41:34,397 - INFO - 视频数据已加载到缓存
2025-05-13 23:41:34,806 - INFO - 操作数据已加载到缓存
2025-05-13 23:41:34,809 - INFO - 用户数据已加载到缓存
2025-05-13 23:41:34,809 - INFO - 所有数据预加载完成
2025-05-13 23:41:40,845 - INFO - 成功找到用户 1 的相似用户
2025-05-13 23:41:43,824 - INFO - 成功找到用户 1 的相似用户
2025-05-13 23:41:57,297 - INFO - 成功为用户 1 生成视频推荐
2025-05-13 23:42:00,343 - INFO - 成功为用户 1 生成视频推荐
2025-05-13 23:43:20,568 - INFO - 使用现有数据文件
2025-05-13 23:43:20,729 - INFO - 视频数据已加载到缓存
2025-05-13 23:43:21,136 - INFO - 操作数据已加载到缓存
2025-05-13 23:43:21,138 - INFO - 用户数据已加载到缓存
2025-05-13 23:43:21,138 - INFO - 所有数据预加载完成
2025-05-13 23:43:27,945 - INFO - 成功找到用户 1 的相似用户
2025-05-13 23:45:04,488 - INFO - 使用现有数据文件
2025-05-13 23:45:04,640 - INFO - 视频数据已加载到缓存
2025-05-13 23:45:05,039 - INFO - 操作数据已加载到缓存
2025-05-13 23:45:05,041 - INFO - 用户数据已加载到缓存
2025-05-13 23:45:05,041 - INFO - 所有数据预加载完成
2025-05-13 23:45:09,670 - INFO - 开始处理用户 1 的相似用户分析
2025-05-13 23:45:09,670 - INFO - 视频数据大小: 100000
2025-05-13 23:45:09,670 - INFO - 操作数据大小: 1502324
2025-05-13 23:45:09,783 - INFO - 合并后的数据大小: 1502324
2025-05-13 23:45:12,720 - INFO - 用户-标签矩阵大小: (10000, 10)
2025-05-13 23:45:12,722 - INFO - 找到 5 个相似用户
2025-05-13 23:45:12,722 - INFO - 成功找到用户 1 的相似用户
2025-05-13 23:45:20,031 - INFO - 开始处理用户 1 的视频推荐
2025-05-13 23:45:20,031 - INFO - 视频数据大小: 100000
2025-05-13 23:45:20,031 - INFO - 操作数据大小: 1502324
2025-05-13 23:45:20,033 - INFO - 用户已观看视频数: 128
2025-05-13 23:45:20,130 - INFO - 合并后的数据大小: 1502324
2025-05-13 23:45:22,804 - INFO - 用户-标签矩阵大小: (10000, 10)
2025-05-13 23:45:22,805 - INFO - 找到 50 个相似用户
2025-05-13 23:45:22,811 - INFO - 候选视频数量: 7639
2025-05-13 23:45:22,850 - INFO - 成功为用户 1 生成 10 个视频推荐
2025-05-13 23:45:22,875 - INFO - 开始处理用户 1 的视频推荐
2025-05-13 23:45:22,875 - INFO - 视频数据大小: 100000
2025-05-13 23:45:22,876 - INFO - 操作数据大小: 1502324
2025-05-13 23:45:22,877 - INFO - 用户已观看视频数: 128
2025-05-13 23:45:22,974 - INFO - 合并后的数据大小: 1502324
2025-05-13 23:45:25,864 - INFO - 用户-标签矩阵大小: (10000, 10)
2025-05-13 23:45:25,866 - INFO - 找到 50 个相似用户
2025-05-13 23:45:25,871 - INFO - 候选视频数量: 7639
2025-05-13 23:45:25,911 - INFO - 成功为用户 1 生成 10 个视频推荐
2025-05-13 23:56:32,704 - INFO - 使用现有数据文件
2025-05-13 23:56:32,870 - INFO - 视频数据已加载到缓存
2025-05-13 23:56:33,281 - INFO - 操作数据已加载到缓存
2025-05-13 23:56:33,283 - INFO - 用户数据已加载到缓存
2025-05-13 23:56:33,283 - INFO - 所有数据预加载完成
2025-05-13 23:56:37,347 - ERROR - 任务执行错误: name 'DataCache' is not defined
Traceback (most recent call last):
  File "d:\Python\Backup_VGA - 副本\ui.py", line 294, in _execute_task
    operations_df = DataCache.load_operations()
NameError: name 'DataCache' is not defined
2025-05-13 23:56:45,036 - ERROR - 任务执行错误: name 'DataCache' is not defined
Traceback (most recent call last):
  File "d:\Python\Backup_VGA - 副本\ui.py", line 294, in _execute_task
    operations_df = DataCache.load_operations()
NameError: name 'DataCache' is not defined
2025-05-13 23:58:06,710 - INFO - 使用现有数据文件
2025-05-13 23:58:06,859 - INFO - 视频数据已加载到缓存
2025-05-13 23:58:07,272 - INFO - 操作数据已加载到缓存
2025-05-13 23:58:07,274 - INFO - 用户数据已加载到缓存
2025-05-13 23:58:07,274 - INFO - 所有数据预加载完成
2025-05-13 23:58:10,719 - ERROR - 任务执行错误: name 'DataCache' is not defined
Traceback (most recent call last):
  File "d:\Python\Backup_VGA - 副本\ui.py", line 294, in _execute_task
    operations_df = DataCache.load_operations()
NameError: name 'DataCache' is not defined
2025-05-13 23:59:11,004 - INFO - 使用现有数据文件
2025-05-13 23:59:11,168 - INFO - 视频数据已加载到缓存
2025-05-13 23:59:11,587 - INFO - 操作数据已加载到缓存
2025-05-13 23:59:11,589 - INFO - 用户数据已加载到缓存
2025-05-13 23:59:11,589 - INFO - 所有数据预加载完成
2025-05-13 23:59:14,472 - INFO - 开始处理用户 1 的相似用户分析
2025-05-13 23:59:14,473 - INFO - 视频数据大小: 100000
2025-05-13 23:59:14,473 - INFO - 操作数据大小: 1502324
2025-05-13 23:59:14,580 - INFO - 合并后的数据大小: 1502324
2025-05-13 23:59:17,364 - INFO - 用户-标签矩阵大小: (10000, 10)
2025-05-13 23:59:17,365 - INFO - 找到 5 个相似用户
2025-05-13 23:59:17,365 - INFO - 成功找到用户 1 的相似用户
2025-05-13 23:59:26,091 - INFO - 开始处理用户 1 的视频推荐
2025-05-13 23:59:26,091 - INFO - 视频数据大小: 100000
2025-05-13 23:59:26,091 - INFO - 操作数据大小: 1502324
2025-05-13 23:59:26,092 - INFO - 用户已观看视频数: 128
2025-05-13 23:59:26,179 - INFO - 合并后的数据大小: 1502324
2025-05-13 23:59:29,045 - INFO - 用户-标签矩阵大小: (10000, 10)
2025-05-13 23:59:29,046 - INFO - 找到 50 个相似用户
2025-05-13 23:59:29,052 - INFO - 候选视频数量: 7639
2025-05-13 23:59:29,091 - INFO - 成功为用户 1 生成 10 个视频推荐
2025-05-14 00:09:45,736 - INFO - 使用现有数据文件
2025-05-14 00:09:45,895 - INFO - 视频数据已加载到缓存
2025-05-14 00:09:46,304 - INFO - 操作数据已加载到缓存
2025-05-14 00:09:46,307 - INFO - 用户数据已加载到缓存
2025-05-14 00:09:46,307 - INFO - 所有数据预加载完成
2025-05-14 00:09:49,847 - INFO - 使用现有数据文件
2025-05-14 00:09:50,007 - INFO - 视频数据已加载到缓存
2025-05-14 00:09:50,435 - INFO - 操作数据已加载到缓存
2025-05-14 00:09:50,438 - INFO - 用户数据已加载到缓存
2025-05-14 00:09:50,438 - INFO - 所有数据预加载完成
2025-05-14 00:09:54,001 - INFO - 使用现有数据文件
2025-05-14 00:09:54,183 - INFO - 视频数据已加载到缓存
2025-05-14 00:09:54,611 - INFO - 操作数据已加载到缓存
2025-05-14 00:09:54,614 - INFO - 用户数据已加载到缓存
2025-05-14 00:09:54,614 - INFO - 所有数据预加载完成
2025-05-14 00:10:03,910 - INFO - 使用现有数据文件
2025-05-14 00:10:04,094 - INFO - 视频数据已加载到缓存
2025-05-14 00:10:04,531 - INFO - 操作数据已加载到缓存
2025-05-14 00:10:04,533 - INFO - 用户数据已加载到缓存
2025-05-14 00:10:04,533 - INFO - 所有数据预加载完成
2025-05-14 00:13:09,735 - INFO - 使用现有数据文件
2025-05-14 00:13:09,895 - INFO - 视频数据已加载到缓存
2025-05-14 00:13:10,291 - INFO - 操作数据已加载到缓存
2025-05-14 00:13:10,291 - INFO - 用户数据已加载到缓存
2025-05-14 00:13:10,291 - INFO - 所有数据预加载完成
2025-05-14 00:13:19,708 - INFO - 使用现有数据文件
2025-05-14 00:13:19,865 - INFO - 视频数据已加载到缓存
2025-05-14 00:13:20,259 - INFO - 操作数据已加载到缓存
2025-05-14 00:13:20,259 - INFO - 用户数据已加载到缓存
2025-05-14 00:13:20,259 - INFO - 所有数据预加载完成
2025-05-14 00:13:24,528 - INFO - 开始处理用户 11 的相似用户分析
2025-05-14 00:13:24,528 - INFO - 视频数据大小: 100000
2025-05-14 00:13:24,528 - INFO - 操作数据大小: 1502324
2025-05-14 00:13:24,611 - INFO - 合并后的数据大小: 1502324
2025-05-14 00:13:27,614 - INFO - 用户-标签矩阵大小: (10000, 10)
2025-05-14 00:13:27,614 - INFO - 找到 5 个相似用户
2025-05-14 00:13:27,614 - INFO - 成功找到用户 11 的相似用户
2025-05-14 00:13:27,622 - INFO - 显示结果：5 行数据
2025-05-14 00:13:31,052 - INFO - 开始处理用户 11 的视频推荐
2025-05-14 00:13:31,052 - INFO - 视频数据大小: 100000
2025-05-14 00:13:31,052 - INFO - 操作数据大小: 1502324
2025-05-14 00:13:31,053 - INFO - 用户已观看视频数: 107
2025-05-14 00:13:31,144 - INFO - 合并后的数据大小: 1502324
2025-05-14 00:13:33,835 - INFO - 用户-标签矩阵大小: (10000, 10)
2025-05-14 00:13:33,837 - INFO - 找到 50 个相似用户
2025-05-14 00:13:33,841 - INFO - 候选视频数量: 7686
2025-05-14 00:13:33,881 - INFO - 成功为用户 11 生成 10 个视频推荐
2025-05-14 00:13:33,887 - INFO - 显示结果：10 行数据
2025-05-14 00:30:18,042 - INFO - 数据文件不存在或无效，开始生成新数据
2025-05-14 00:30:18,042 - INFO - 开始生成视频数据
2025-05-14 00:30:18,043 - INFO - 开始生成新的视频数据
2025-05-14 00:30:18,600 - INFO - 视频数据生成完成
2025-05-14 00:30:18,610 - INFO - 开始生成用户操作数据
2025-05-14 00:30:18,610 - INFO - 开始生成新的用户和操作数据
2025-05-14 00:30:35,818 - INFO - 用户和操作数据生成完成
2025-05-14 00:30:36,488 - INFO - 数据生成完成
2025-05-14 00:30:36,967 - INFO - 视频数据已加载到缓存
2025-05-14 00:30:38,151 - INFO - 操作数据已加载到缓存
2025-05-14 00:30:38,156 - INFO - 用户数据已加载到缓存
2025-05-14 00:30:38,156 - INFO - 所有数据预加载完成
2025-05-14 00:30:46,292 - INFO - 开始处理用户 1 的相似用户分析
2025-05-14 00:30:46,292 - INFO - 视频数据大小: 300000
2025-05-14 00:30:46,292 - INFO - 操作数据大小: 4501935
2025-05-14 00:30:46,627 - INFO - 合并后的数据大小: 4501935
2025-05-14 00:30:55,255 - INFO - 用户-标签矩阵大小: (30000, 10)
2025-05-14 00:30:55,258 - INFO - 找到 5 个相似用户
2025-05-14 00:30:55,258 - INFO - 成功找到用户 1 的相似用户
2025-05-14 00:30:55,273 - INFO - 显示结果：5 行数据
2025-05-14 00:31:41,146 - INFO - 开始处理用户 352 的视频推荐
2025-05-14 00:31:41,146 - INFO - 视频数据大小: 300000
2025-05-14 00:31:41,146 - INFO - 操作数据大小: 4501935
2025-05-14 00:31:41,150 - INFO - 用户已观看视频数: 104
2025-05-14 00:31:41,536 - INFO - 合并后的数据大小: 4501935
2025-05-14 00:31:49,560 - INFO - 用户-标签矩阵大小: (30000, 10)
2025-05-14 00:31:49,563 - INFO - 找到 50 个相似用户
2025-05-14 00:31:49,577 - INFO - 候选视频数量: 8131
2025-05-14 00:31:49,628 - INFO - 成功为用户 352 生成 10 个视频推荐
2025-05-14 00:31:49,641 - INFO - 显示结果：10 行数据
2025-05-14 00:31:53,876 - INFO - 开始处理用户 654 的相似用户分析
2025-05-14 00:31:53,876 - INFO - 视频数据大小: 300000
2025-05-14 00:31:53,876 - INFO - 操作数据大小: 4501935
2025-05-14 00:31:54,172 - INFO - 合并后的数据大小: 4501935
2025-05-14 00:32:02,736 - INFO - 用户-标签矩阵大小: (30000, 10)
2025-05-14 00:32:02,739 - INFO - 找到 5 个相似用户
2025-05-14 00:32:02,739 - INFO - 成功找到用户 654 的相似用户
2025-05-14 00:32:02,749 - INFO - 显示结果：5 行数据
2025-05-14 00:32:02,841 - INFO - 开始处理用户 654 的相似用户分析
2025-05-14 00:32:02,841 - INFO - 视频数据大小: 300000
2025-05-14 00:32:02,841 - INFO - 操作数据大小: 4501935
2025-05-14 00:32:03,236 - INFO - 合并后的数据大小: 4501935
2025-05-14 00:32:11,818 - INFO - 用户-标签矩阵大小: (30000, 10)
2025-05-14 00:32:11,821 - INFO - 找到 5 个相似用户
2025-05-14 00:32:11,821 - INFO - 成功找到用户 654 的相似用户
2025-05-14 00:32:11,832 - INFO - 显示结果：5 行数据
2025-05-14 11:46:13,385 - INFO - 使用现有数据文件
2025-05-14 11:46:14,537 - INFO - 视频数据已加载到缓存
2025-05-14 11:46:17,507 - INFO - 操作数据已加载到缓存
2025-05-14 11:46:17,518 - INFO - 用户数据已加载到缓存
2025-05-14 11:46:17,518 - INFO - 所有数据预加载完成
2025-05-14 11:46:36,462 - INFO - 开始处理用户 111 的相似用户分析
2025-05-14 11:46:36,462 - INFO - 视频数据大小: 300000
2025-05-14 11:46:36,462 - INFO - 操作数据大小: 4501935
2025-05-14 11:46:37,089 - INFO - 合并后的数据大小: 4501935
2025-05-14 11:46:57,034 - INFO - 用户-标签矩阵大小: (30000, 10)
2025-05-14 11:46:57,043 - INFO - 找到 5 个相似用户
2025-05-14 11:46:57,043 - INFO - 成功找到用户 111 的相似用户
2025-05-14 11:46:57,065 - INFO - 显示结果：5 行数据
2025-05-14 11:46:57,197 - INFO - 开始处理用户 111 的相似用户分析
2025-05-14 11:46:57,197 - INFO - 视频数据大小: 300000
2025-05-14 11:46:57,197 - INFO - 操作数据大小: 4501935
2025-05-14 11:46:57,817 - INFO - 合并后的数据大小: 4501935
2025-05-14 11:47:17,908 - INFO - 用户-标签矩阵大小: (30000, 10)
2025-05-14 11:47:17,914 - INFO - 找到 5 个相似用户
2025-05-14 11:47:17,914 - INFO - 成功找到用户 111 的相似用户
2025-05-14 11:47:17,938 - INFO - 显示结果：5 行数据
2025-05-14 19:32:13,805 - INFO - ʹļ
2025-05-14 19:32:14,425 - INFO - ƵѼص
2025-05-14 19:32:15,803 - INFO - Ѽص
2025-05-14 19:32:15,807 - INFO - ûѼص
2025-05-14 19:32:15,807 - INFO - Ԥ
2025-05-14 19:32:20,808 - INFO - ʼû 111 û
2025-05-14 19:32:20,808 - INFO - ƵݴС: 300000
2025-05-14 19:32:20,808 - INFO - ݴС: 4501935
2025-05-14 19:32:21,275 - INFO - ϲݴС: 4501935
2025-05-14 19:32:29,049 - INFO - û-ǩС: (30000, 10)
2025-05-14 19:32:29,052 - INFO - ҵ 5 û
2025-05-14 19:32:29,052 - INFO - ɹҵû 111 û
2025-05-14 19:32:29,072 - INFO - ʾ5 
2025-05-14 19:32:32,980 - INFO - ʼû 222 û
2025-05-14 19:32:32,980 - INFO - ƵݴС: 300000
2025-05-14 19:32:32,980 - INFO - ݴС: 4501935
2025-05-14 19:32:33,385 - INFO - ϲݴС: 4501935
2025-05-14 19:32:41,291 - INFO - û-ǩС: (30000, 10)
2025-05-14 19:32:41,295 - INFO - ҵ 5 û
2025-05-14 19:32:41,296 - INFO - ɹҵû 222 û
2025-05-14 19:32:41,308 - INFO - ʾ5 
2025-05-14 19:33:45,291 - INFO - ʹļ
2025-05-14 19:33:45,883 - INFO - ƵѼص
2025-05-14 19:33:47,161 - INFO - Ѽص
2025-05-14 19:33:47,165 - INFO - ûѼص
2025-05-14 19:33:47,165 - INFO - Ԥ
2025-05-14 19:51:31,082 - INFO - ʹļ
2025-05-14 19:51:31,656 - INFO - ƵѼص
2025-05-14 19:51:32,973 - INFO - Ѽص
2025-05-14 19:51:32,978 - INFO - ûѼص
2025-05-14 19:51:32,978 - INFO - Ԥ
2025-05-14 19:51:36,049 - INFO - ʼû 111 û
2025-05-14 19:51:36,916 - INFO - ɹҵû 111 û
2025-05-14 19:51:36,927 - INFO - ʾ5 
2025-05-14 19:51:44,459 - INFO - ʼû 111 ƵƼ
2025-05-14 19:51:44,471 - INFO - ûѹۿƵ: 191
2025-05-14 19:51:44,491 - INFO - ʼû 111 û
2025-05-14 19:51:44,492 - INFO - ɹҵû 111 û
2025-05-14 19:51:44,597 - INFO - ɹΪû 111  10 ƵƼ
2025-05-14 19:51:44,599 - INFO - ʾ10 
2025-05-14 19:51:50,987 - INFO - ʼû 222 ƵƼ
2025-05-14 19:51:50,991 - INFO - ûѹۿƵ: 197
2025-05-14 19:51:51,010 - INFO - ʼû 222 û
2025-05-14 19:51:51,011 - INFO - ɹҵû 222 û
2025-05-14 19:51:51,117 - INFO - ɹΪû 222  10 ƵƼ
2025-05-14 19:51:51,118 - INFO - ʾ10 
2025-05-14 19:51:57,879 - INFO - ʹļ
2025-05-14 19:51:58,481 - INFO - ƵѼص
2025-05-14 19:51:59,785 - INFO - Ѽص
2025-05-14 19:51:59,789 - INFO - ûѼص
2025-05-14 19:51:59,789 - INFO - Ԥ
2025-05-14 19:52:01,710 - INFO - ʼû 111 û
2025-05-14 19:52:02,521 - INFO - ɹҵû 111 û
2025-05-14 19:52:02,522 - INFO - ʾ5 
2025-05-15 00:14:15,046 - INFO - ʹļ
2025-05-15 00:14:15,628 - INFO - ƵѼص
2025-05-15 00:14:16,984 - INFO - Ѽص
2025-05-15 00:14:16,988 - INFO - ûѼص
2025-05-15 00:14:16,988 - INFO - Ԥ
2025-05-15 00:14:48,583 - INFO - ʼû 111 û
2025-05-15 00:14:49,402 - INFO - ɹҵû 111 û
2025-05-15 00:14:49,403 - INFO - ʾ5 
2025-05-15 00:14:52,433 - INFO - ʼû 111 ƵƼ
2025-05-15 00:14:52,438 - INFO - ûѹۿƵ: 191
2025-05-15 00:14:52,456 - INFO - ʼû 111 û
2025-05-15 00:14:52,458 - INFO - ɹҵû 111 û
2025-05-15 00:14:52,781 - INFO - ɹΪû 111  10 ƵƼ
2025-05-15 00:14:52,782 - INFO - ʾ10 
2025-05-15 00:14:55,525 - INFO - ʼû 222 û
2025-05-15 00:14:55,527 - INFO - ɹҵû 222 û
2025-05-15 00:14:55,527 - INFO - ʾ5 
2025-05-15 18:04:29,176 - INFO - ʹļ
2025-05-15 18:04:29,736 - INFO - ƵѼص
2025-05-15 18:04:31,101 - INFO - Ѽص
2025-05-15 18:04:31,105 - INFO - ûѼص
2025-05-15 18:04:31,105 - INFO - Ԥ
2025-05-15 18:04:45,084 - INFO - ʼû 11 û
2025-05-15 18:04:45,938 - INFO - ɹҵû 11 û
2025-05-15 18:04:45,941 - INFO - ʾ5 
2025-05-15 18:04:48,750 - INFO - ʼû 111 û
2025-05-15 18:04:48,751 - INFO - ɹҵû 111 û
2025-05-15 18:04:48,752 - INFO - ʾ5 
2025-05-15 18:04:51,186 - INFO - ʼû 1112 û
2025-05-15 18:04:51,188 - INFO - ɹҵû 1112 û
2025-05-15 18:04:51,188 - INFO - ʾ5 
2025-05-15 18:04:53,817 - INFO - ʼû 4444 û
2025-05-15 18:04:53,818 - INFO - ɹҵû 4444 û
2025-05-15 18:04:53,819 - INFO - ʾ5 
2025-05-15 18:04:56,468 - INFO - ʼû 1111 ƵƼ
2025-05-15 18:04:56,472 - INFO - ûѹۿƵ: 156
2025-05-15 18:04:56,491 - INFO - ʼû 1111 û
2025-05-15 18:04:56,492 - INFO - ɹҵû 1111 û
2025-05-15 18:04:56,599 - INFO - ɹΪû 1111  10 ƵƼ
2025-05-15 18:04:56,599 - INFO - ʾ10 
2025-05-15 18:04:58,864 - INFO - ʼû 2222 ƵƼ
2025-05-15 18:04:58,867 - INFO - ûѹۿƵ: 151
2025-05-15 18:04:58,885 - INFO - ʼû 2222 û
2025-05-15 18:04:58,887 - INFO - ɹҵû 2222 û
2025-05-15 18:04:58,993 - INFO - ɹΪû 2222  10 ƵƼ
2025-05-15 18:04:58,994 - INFO - ʾ10 
2025-05-15 18:05:48,957 - INFO - ļڻЧʼ
2025-05-15 18:05:48,957 - INFO - ʼƵ
2025-05-15 18:05:48,957 - INFO - ʼµƵ
2025-05-15 18:05:49,583 - INFO - Ƶ
2025-05-15 18:05:49,596 - INFO - ʼû
2025-05-15 18:05:49,596 - INFO - ʼµûͲ
2025-05-15 18:06:07,034 - INFO - ûͲ
2025-05-15 18:06:08,049 - INFO - 
2025-05-15 18:06:08,627 - INFO - ƵѼص
2025-05-15 18:06:09,938 - INFO - Ѽص
2025-05-15 18:06:09,944 - INFO - ûѼص
2025-05-15 18:06:09,944 - INFO - Ԥ
2025-05-15 18:06:13,517 - INFO - ʼû 111 û
2025-05-15 18:06:14,301 - INFO - ɹҵû 111 û
2025-05-15 18:06:14,302 - INFO - ʾ5 
2025-05-15 18:06:16,343 - INFO - ʼû 222 û
2025-05-15 18:06:16,344 - INFO - ɹҵû 222 û
2025-05-15 18:06:16,344 - INFO - ʾ5 
2025-05-15 22:31:19,568 - INFO - ʹļ
2025-05-15 22:31:20,199 - INFO - ƵѼص
2025-05-15 22:31:21,634 - INFO - Ѽص
2025-05-15 22:31:21,641 - INFO - ûѼص
2025-05-15 22:31:21,641 - INFO - Ԥ
2025-05-15 22:32:21,658 - INFO - ʹļ
2025-05-15 22:32:22,261 - INFO - ƵѼص
2025-05-15 22:32:23,645 - INFO - Ѽص
2025-05-15 22:32:23,649 - INFO - ûѼص
2025-05-15 22:32:23,649 - INFO - Ԥ
2025-05-15 22:32:28,568 - INFO - ʼû 111 û
2025-05-15 22:32:29,495 - INFO - ɹҵû 111 û
2025-05-15 22:32:29,502 - INFO - ʾ5 
2025-05-15 22:32:33,083 - INFO - ʼû 111 ƵƼ
2025-05-15 22:32:33,087 - INFO - ûѹۿƵ: 190
2025-05-15 22:32:33,107 - INFO - ʼû 111 û
2025-05-15 22:32:33,108 - INFO - ɹҵû 111 û
2025-05-15 22:32:33,233 - INFO - ɹΪû 111  10 ƵƼ
2025-05-15 22:32:33,234 - INFO - ʾ10 
2025-05-15 22:33:01,337 - INFO - ʼû 111 û
2025-05-15 22:33:01,339 - INFO - ɹҵû 111 û
2025-05-15 22:33:01,339 - INFO - ʾ5 
2025-05-15 22:33:03,323 - INFO - ʼû 222 û
2025-05-15 22:33:03,325 - INFO - ɹҵû 222 û
2025-05-15 22:33:03,333 - INFO - ʾ5 
2025-05-15 22:33:05,489 - INFO - ʼû 333 û
2025-05-15 22:33:05,490 - INFO - ɹҵû 333 û
2025-05-15 22:33:05,492 - INFO - ʾ5 
2025-05-15 22:33:08,135 - INFO - ʼû 444 ƵƼ
2025-05-15 22:33:08,138 - INFO - ûѹۿƵ: 160
2025-05-15 22:33:08,157 - INFO - ʼû 444 û
2025-05-15 22:33:08,159 - INFO - ɹҵû 444 û
2025-05-15 22:33:08,271 - INFO - ɹΪû 444  10 ƵƼ
2025-05-15 22:33:08,272 - INFO - ʾ10 
2025-05-15 22:33:10,047 - INFO - ʼû 555 ƵƼ
2025-05-15 22:33:10,051 - INFO - ûѹۿƵ: 157
2025-05-15 22:33:10,070 - INFO - ʼû 555 û
2025-05-15 22:33:10,071 - INFO - ɹҵû 555 û
2025-05-15 22:33:10,174 - INFO - ɹΪû 555  10 ƵƼ
2025-05-15 22:33:10,175 - INFO - ʾ10 
2025-05-24 00:23:37,359 - INFO - ʹļ
2025-05-24 00:23:37,950 - INFO - ƵѼص
2025-05-24 00:23:39,315 - INFO - Ѽص
2025-05-24 00:23:39,319 - INFO - ûѼص
2025-05-24 00:23:39,319 - INFO - Ԥ
2025-05-24 00:23:44,935 - INFO - ʼû 111 û
2025-05-24 00:23:45,841 - INFO - ɹҵû 111 û
2025-05-24 00:23:45,842 - INFO - ʾ5 
2025-05-24 00:27:13,413 - INFO - ʹļ
2025-05-24 00:27:13,965 - INFO - ƵѼص
2025-05-24 00:27:15,252 - INFO - Ѽص
2025-05-24 00:27:15,257 - INFO - ûѼص
2025-05-24 00:27:15,257 - INFO - Ԥ
2025-05-24 00:27:51,618 - INFO - ļڻЧʼ
2025-05-24 00:27:51,618 - INFO - ʼƵ
2025-05-24 00:27:51,618 - INFO - ʼµƵ
2025-05-24 00:27:52,224 - INFO - Ƶ
2025-05-24 00:27:52,237 - INFO - ʼû
2025-05-24 00:27:52,237 - INFO - ʼµûͲ
2025-05-24 00:28:09,988 - INFO - ûͲ
2025-05-24 00:28:11,000 - INFO - 
2025-05-24 00:28:11,614 - INFO - ƵѼص
2025-05-24 00:28:12,940 - INFO - Ѽص
2025-05-24 00:28:12,945 - INFO - ûѼص
2025-05-24 00:28:12,945 - INFO - Ԥ
2025-05-24 00:31:10,792 - INFO - ļڻЧʼ
2025-05-24 00:31:10,792 - INFO - ʼƵ
2025-05-24 00:31:10,792 - INFO - ʼµƵ
2025-05-24 00:31:11,371 - INFO - Ƶ
2025-05-24 00:31:11,382 - INFO - ʼû
2025-05-24 00:31:11,383 - INFO - ʼµûͲ
2025-05-24 00:33:25,904 - INFO - ûͲ
2025-05-24 00:33:36,380 - INFO - 
2025-05-24 00:33:39,042 - INFO - ƵѼص
2025-05-24 00:33:47,745 - INFO - Ѽص
2025-05-24 00:33:47,751 - INFO - ûѼص
2025-05-24 00:33:47,751 - INFO - Ԥ
2025-05-24 00:34:12,785 - INFO - ʼû 111 û
2025-05-24 00:34:17,467 - INFO - ɹҵû 111 û
2025-05-24 00:34:17,471 - INFO - ʾ5 
2025-05-24 00:34:21,389 - INFO - ʼû 2222 û
2025-05-24 00:34:21,390 - INFO - ɹҵû 2222 û
2025-05-24 00:34:21,391 - INFO - ʾ5 
2025-05-24 00:34:25,232 - INFO - ʼû 4444 û
2025-05-24 00:34:25,233 - INFO - ɹҵû 4444 û
2025-05-24 00:34:25,234 - INFO - ʾ5 
2025-05-24 00:34:40,870 - INFO - ʼû 1111 ƵƼ
2025-05-24 00:34:40,902 - INFO - ûѹۿƵ: 828
2025-05-24 00:34:41,003 - INFO - ʼû 1111 û
2025-05-24 00:34:41,005 - INFO - ɹҵû 1111 û
2025-05-24 00:34:41,625 - INFO - ɹΪû 1111  10 ƵƼ
2025-05-24 00:34:41,628 - INFO - ʾ10 
2025-05-24 00:37:31,469 - INFO - ʹļ
2025-05-24 00:37:34,037 - INFO - ƵѼص
2025-05-24 00:37:42,558 - INFO - Ѽص
2025-05-24 00:37:42,564 - INFO - ûѼص
2025-05-24 00:37:42,564 - INFO - Ԥ
2025-05-24 01:55:20,763 - INFO - 使用现有数据文件
2025-05-24 01:55:21,240 - INFO - 视频数据已加载到缓存
2025-05-24 01:55:22,521 - INFO - 操作数据已加载到缓存
2025-05-24 01:55:22,526 - INFO - 用户数据已加载到缓存
2025-05-24 01:55:22,526 - INFO - 所有数据预加载完成
2025-05-24 01:55:28,775 - INFO - 开始处理用户 254 的相似用户分析
2025-05-24 01:55:29,518 - INFO - 成功找到用户 254 的相似用户
2025-05-24 01:55:29,518 - INFO - 显示结果：5 行数据
2025-05-24 01:55:34,666 - INFO - 开始处理用户 3524 的视频推荐
2025-05-24 01:55:34,669 - INFO - 用户已观看视频数: 151
2025-05-24 01:55:34,685 - INFO - 开始处理用户 3524 的相似用户分析
2025-05-24 01:55:34,686 - INFO - 成功找到用户 3524 的相似用户
2025-05-24 01:55:34,785 - INFO - 成功为用户 3524 生成 10 个视频推荐
2025-05-24 01:55:34,786 - INFO - 显示结果：10 行数据
2025-05-24 01:55:41,073 - INFO - 开始处理用户 352 的相似用户分析
2025-05-24 01:55:41,074 - INFO - 成功找到用户 352 的相似用户
2025-05-24 01:55:41,075 - INFO - 显示结果：5 行数据
2025-05-24 01:58:08,989 - INFO - 数据文件不存在或无效，开始生成新数据
2025-05-24 01:58:08,989 - INFO - 开始生成视频数据
2025-05-24 01:58:08,989 - INFO - 开始生成新的视频数据
2025-05-24 01:58:09,538 - INFO - 视频数据生成完成
2025-05-24 01:58:09,549 - INFO - 开始生成用户操作数据
2025-05-24 01:58:09,550 - INFO - 开始生成新的用户和操作数据
2025-05-24 01:58:25,354 - INFO - 用户和操作数据生成完成
2025-05-24 01:58:25,933 - INFO - 数据生成完成
2025-05-24 01:58:26,386 - INFO - 视频数据已加载到缓存
2025-05-24 01:58:27,549 - INFO - 操作数据已加载到缓存
2025-05-24 01:58:27,555 - INFO - 用户数据已加载到缓存
2025-05-24 01:58:27,555 - INFO - 所有数据预加载完成
2025-05-24 01:58:34,335 - INFO - 开始处理用户 6242 的相似用户分析
2025-05-24 01:58:35,093 - INFO - 成功找到用户 6242 的相似用户
2025-05-24 01:58:35,094 - INFO - 显示结果：5 行数据
2025-05-24 01:58:44,067 - INFO - 开始处理用户 4322 的相似用户分析
2025-05-24 01:58:44,068 - INFO - 成功找到用户 4322 的相似用户
2025-05-24 01:58:44,069 - INFO - 显示结果：5 行数据
2025-05-24 01:58:48,212 - INFO - 开始处理用户 312 的视频推荐
2025-05-24 01:58:48,216 - INFO - 用户已观看视频数: 121
2025-05-24 01:58:48,233 - INFO - 开始处理用户 312 的相似用户分析
2025-05-24 01:58:48,234 - INFO - 成功找到用户 312 的相似用户
2025-05-24 01:58:48,330 - INFO - 成功为用户 312 生成 10 个视频推荐
2025-05-24 01:58:48,331 - INFO - 显示结果：10 行数据
2025-05-24 02:04:10,699 - INFO - 使用现有数据文件
2025-05-24 02:04:11,160 - INFO - 视频数据已加载到缓存
2025-05-24 02:04:12,347 - INFO - 操作数据已加载到缓存
2025-05-24 02:04:12,352 - INFO - 用户数据已加载到缓存
2025-05-24 02:04:12,352 - INFO - 所有数据预加载完成
2025-05-24 02:04:16,678 - INFO - 开始处理用户 2141 的相似用户分析
2025-05-24 02:04:17,449 - INFO - 成功找到用户 2141 的相似用户
2025-05-24 02:04:17,450 - INFO - 显示结果：5 行数据
2025-05-24 02:04:20,324 - INFO - 开始处理用户 2141 的相似用户分析
2025-05-24 02:04:20,325 - INFO - 成功找到用户 2141 的相似用户
2025-05-24 02:04:20,325 - INFO - 显示结果：5 行数据
2025-05-24 02:04:25,214 - INFO - 开始处理用户 12444 的视频推荐
2025-05-24 02:04:25,217 - INFO - 用户已观看视频数: 190
2025-05-24 02:04:25,235 - INFO - 开始处理用户 12444 的相似用户分析
2025-05-24 02:04:25,236 - INFO - 成功找到用户 12444 的相似用户
2025-05-24 02:04:25,328 - INFO - 成功为用户 12444 生成 10 个视频推荐
2025-05-24 02:04:25,329 - INFO - 显示结果：10 行数据
2025-05-24 02:11:48,306 - INFO - 数据文件不存在或无效，开始生成新数据
2025-05-24 02:11:48,306 - INFO - 开始生成视频数据
2025-05-24 02:11:48,306 - INFO - 开始生成新的视频数据
2025-05-24 02:11:53,397 - INFO - 视频数据生成完成
2025-05-24 02:11:53,520 - INFO - 开始生成用户操作数据
2025-05-24 02:11:53,520 - INFO - 开始生成新的用户和操作数据
2025-05-24 02:21:34,684 - INFO - 数据文件不存在或无效，开始生成新数据
2025-05-24 02:21:34,684 - INFO - 开始生成视频数据
2025-05-24 02:21:34,684 - INFO - 开始生成新的视频数据
2025-05-24 02:21:36,517 - INFO - 视频数据生成完成
2025-05-24 02:21:36,553 - INFO - 开始生成用户操作数据
2025-05-24 02:21:36,553 - INFO - 开始生成新的用户和操作数据
2025-05-24 02:26:20,017 - INFO - 数据文件不存在或无效，开始生成新数据
2025-05-24 02:26:20,017 - INFO - 开始生成视频数据
2025-05-24 02:26:20,017 - INFO - 开始生成新的视频数据
2025-05-24 02:26:21,086 - INFO - 视频数据生成完成
2025-05-24 02:26:21,111 - INFO - 开始生成用户操作数据
2025-05-24 02:26:21,111 - INFO - 开始生成新的用户和操作数据
2025-05-24 02:31:41,721 - INFO - 用户和操作数据生成完成
2025-05-24 02:32:00,856 - INFO - 数据生成完成
2025-05-24 02:32:04,973 - INFO - 视频数据已加载到缓存
2025-05-24 02:32:19,165 - INFO - 操作数据已加载到缓存
2025-05-24 02:32:19,172 - INFO - 用户数据已加载到缓存
2025-05-24 02:32:19,172 - INFO - 所有数据预加载完成
2025-05-24 02:32:27,345 - INFO - 开始处理用户 35111 的相似用户分析
2025-05-24 02:32:34,596 - INFO - 成功找到用户 35111 的相似用户
2025-05-24 02:32:34,602 - INFO - 显示结果：5 行数据
2025-05-24 02:32:46,673 - INFO - 开始处理用户 2134 的视频推荐
2025-05-24 02:32:46,713 - INFO - 用户已观看视频数: 980
2025-05-24 02:32:46,868 - INFO - 开始处理用户 2134 的相似用户分析
2025-05-24 02:32:46,870 - INFO - 成功找到用户 2134 的相似用户
2025-05-24 02:32:47,566 - INFO - 成功为用户 2134 生成 10 个视频推荐
2025-05-24 02:32:47,569 - INFO - 显示结果：10 行数据
2025-05-24 02:32:53,190 - INFO - 开始处理用户 3143 的相似用户分析
2025-05-24 02:32:53,192 - INFO - 成功找到用户 3143 的相似用户
2025-05-24 02:32:53,193 - INFO - 显示结果：5 行数据
